> Task :app:preBuild UP-TO-DATE
> Task :app:preDebugBuild UP-TO-DATE
> Task :app:mergeDebugNativeDebugMetadata NO-SOURCE
> Task :app:downloadBootstraps
> Task :app:generateDebugBuildConfig UP-TO-DATE
> Task :app:javaPreCompileDebug UP-TO-DATE
> Task :terminal-emulator:preBuild UP-TO-DATE
> Task :terminal-emulator:preDebugBuild UP-TO-DATE
> Task :terminal-emulator:writeDebugAarMetadata UP-TO-DATE
> Task :terminal-view:preBuild UP-TO-DATE
> Task :terminal-view:preDebugBuild UP-TO-DATE
> Task :terminal-view:writeDebugAarMetadata UP-TO-DATE
> Task :termux-shared:preBuild UP-TO-DATE
> Task :termux-shared:preDebugBuild UP-TO-DATE
> Task :termux-shared:writeDebugAarMetadata UP-TO-DATE
> Task :app:checkDebugAarMetadata UP-TO-DATE
> Task :terminal-emulator:processDebugNavigationResources UP-TO-DATE
> Task :terminal-view:processDebugNavigationResources UP-TO-DATE
> Task :termux-shared:processDebugNavigationResources UP-TO-DATE
> Task :app:processDebugNavigationResources UP-TO-DATE
> Task :app:compileDebugNavigationResources UP-TO-DATE
> Task :app:generateDebugResValues UP-TO-DATE
> Task :terminal-emulator:generateDebugResValues UP-TO-DATE
> Task :terminal-emulator:generateDebugResources UP-TO-DATE
> Task :terminal-emulator:packageDebugResources UP-TO-DATE
> Task :terminal-view:generateDebugResValues UP-TO-DATE
> Task :terminal-view:generateDebugResources UP-TO-DATE
> Task :terminal-view:packageDebugResources UP-TO-DATE
> Task :termux-shared:generateDebugResValues UP-TO-DATE
> Task :termux-shared:generateDebugResources UP-TO-DATE
> Task :termux-shared:packageDebugResources UP-TO-DATE
> Task :app:mapDebugSourceSetPaths UP-TO-DATE
> Task :app:generateDebugResources UP-TO-DATE
> Task :app:mergeDebugResources UP-TO-DATE
> Task :app:packageDebugResources UP-TO-DATE
> Task :app:parseDebugLocalResources UP-TO-DATE
> Task :app:createDebugCompatibleScreenManifests UP-TO-DATE
> Task :app:extractDeepLinksDebug UP-TO-DATE
> Task :terminal-emulator:extractDeepLinksDebug UP-TO-DATE
> Task :terminal-emulator:processDebugManifest UP-TO-DATE
> Task :terminal-view:extractDeepLinksDebug UP-TO-DATE
> Task :terminal-view:processDebugManifest UP-TO-DATE
> Task :termux-shared:extractDeepLinksDebug UP-TO-DATE
> Task :termux-shared:processDebugManifest UP-TO-DATE
> Task :app:processDebugMainManifest UP-TO-DATE
> Task :app:processDebugManifest UP-TO-DATE
> Task :app:processDebugManifestForPackage UP-TO-DATE
> Task :terminal-emulator:compileDebugLibraryResources UP-TO-DATE
> Task :terminal-emulator:parseDebugLocalResources UP-TO-DATE
> Task :terminal-emulator:generateDebugRFile UP-TO-DATE
> Task :terminal-view:compileDebugLibraryResources UP-TO-DATE
> Task :terminal-view:parseDebugLocalResources UP-TO-DATE
> Task :terminal-view:generateDebugRFile UP-TO-DATE
> Task :termux-shared:compileDebugLibraryResources UP-TO-DATE
> Task :termux-shared:parseDebugLocalResources UP-TO-DATE
> Task :termux-shared:generateDebugRFile UP-TO-DATE
AAPT2 aapt2-8.13.2-14304508-linux Daemon #0: Unexpected error output: /data/data/com.termux/files/home/.gradle/caches/9.2.1/transforms/36115f06a1389d4c456acd76b6abccfa/transformed/aapt2-8.13.2-14304508-linux/aapt2: 1: Syntax error: ")" unexpected
AAPT2 aapt2-8.13.2-14304508-linux Daemon #1: Unexpected error output: /data/data/com.termux/files/home/.gradle/caches/9.2.1/transforms/36115f06a1389d4c456acd76b6abccfa/transformed/aapt2-8.13.2-14304508-linux/aapt2: 1: Syntax error: ")" unexpected
> Task :app:processDebugResources FAILED

[Incubating] Problems report is available at: file:///data/data/com.termux/files/home/storage/termux-app/build/reports/problems/problems-report.html

FAILURE: Build failed with an exception.

* What went wrong:
Execution failed for task ':app:processDebugResources'.
> Could not resolve all files for configuration ':app:debugRuntimeClasspath'.
   > Failed to transform appcompat-1.6.1.aar (androidx.appcompat:appcompat:1.6.1) to match attributes {artifactType=android-compiled-dependencies-resources, org.gradle.category=library, org.gradle.dependency.bundling=external, org.gradle.libraryelements=aar, org.gradle.status=release, org.gradle.usage=java-runtime}.
      > Execution failed for AarResourcesCompilerTransform: /data/data/com.termux/files/home/.gradle/caches/9.2.1/transforms/11120582cce698150e3982633678841a/transformed/appcompat-1.6.1.
         > AAPT2 aapt2-8.13.2-14304508-linux Daemon #0: Daemon startup failed
           This should not happen under normal circumstances, please file an issue if it does.
   > Failed to transform core-1.13.1.aar (androidx.core:core:1.13.1) to match attributes {artifactType=android-compiled-dependencies-resources, org.gradle.category=library, org.gradle.dependency.bundling=external, org.gradle.libraryelements=aar, org.gradle.status=release, org.gradle.usage=java-runtime}.
      > Execution failed for AarResourcesCompilerTransform: /data/data/com.termux/files/home/.gradle/caches/9.2.1/transforms/f02ff7c5317878b2611b9ffcb7818e62/transformed/core-1.13.1.
         > AAPT2 aapt2-8.13.2-14304508-linux Daemon #1: Daemon startup failed
           This should not happen under normal circumstances, please file an issue if it does.

* Try:
> Run with --stacktrace option to get the stack trace.
> Run with --info or --debug option to get more log output.
> Run with --scan to generate a Build Scan (powered by Develocity).
> Get more help at https://help.gradle.org.

Deprecated Gradle features were used in this build, making it incompatible with Gradle 10.

You can use '--warning-mode all' to show the individual deprecation warnings and determine if they come from your own scripts or plugins.

For more on this, please refer to https://docs.gradle.org/9.2.1/userguide/command_line_interface.html#sec:command_line_warnings in the Gradle documentation.

BUILD FAILED in 7s
48 actionable tasks: 2 executed, 46 up-to-date
